2018-08-16 21:48:56,602 DEBUG    root            Metrics collector initialized...
2018-08-16 21:48:56,604 DEBUG    root            Loaded Command Group: [u'gcloud', u'components']
2018-08-16 21:48:56,607 DEBUG    root            Loaded Command Group: [u'gcloud', u'components', u'list']
2018-08-16 21:48:56,611 DEBUG    root            Running [gcloud.components.list] with arguments: [--quiet: "True"]
2018-08-16 21:48:56,841 INFO     ___FILE_ONLY___ 
Your current Cloud SDK version is: 212.0.0

2018-08-16 21:48:56,841 INFO     ___FILE_ONLY___ The latest available version is: 212.0.0

2018-08-16 21:48:56,841 INFO     ___FILE_ONLY___ 

2018-08-16 21:48:56,843 INFO     root            Display format: "table[box,title="Components"](state.name:label=Status,name:label=Name,id:label=ID,size.size(zero="",min=1048576):label=Size:align=right)"
2018-08-16 21:48:56,847 INFO     ___FILE_ONLY___ +-------------------------------------------------------------------------------------------------------------+
2018-08-16 21:48:56,847 INFO     ___FILE_ONLY___ 

2018-08-16 21:48:56,847 INFO     ___FILE_ONLY___ |                                                  Components                                                 |
2018-08-16 21:48:56,847 INFO     ___FILE_ONLY___ 

2018-08-16 21:48:56,847 INFO     ___FILE_ONLY___ +---------------+------------------------------------------------------+--------------------------+-----------+
2018-08-16 21:48:56,847 INFO     ___FILE_ONLY___ 

2018-08-16 21:48:56,848 INFO     ___FILE_ONLY___ |     Status    |                         Name                         |            ID            |    Size   |
2018-08-16 21:48:56,848 INFO     ___FILE_ONLY___ 

2018-08-16 21:48:56,848 INFO     ___FILE_ONLY___ +---------------+------------------------------------------------------+--------------------------+-----------+
2018-08-16 21:48:56,848 INFO     ___FILE_ONLY___ 

2018-08-16 21:48:56,848 INFO     ___FILE_ONLY___ | 
2018-08-16 21:48:56,848 INFO     ___FILE_ONLY___ Not Installed
2018-08-16 21:48:56,849 INFO     ___FILE_ONLY___  
2018-08-16 21:48:56,849 INFO     ___FILE_ONLY___ | 
2018-08-16 21:48:56,849 INFO     ___FILE_ONLY___ App Engine Go Extensions                            
2018-08-16 21:48:56,849 INFO     ___FILE_ONLY___  
2018-08-16 21:48:56,849 INFO     ___FILE_ONLY___ | 
2018-08-16 21:48:56,849 INFO     ___FILE_ONLY___ app-engine-go           
2018-08-16 21:48:56,849 INFO     ___FILE_ONLY___  
2018-08-16 21:48:56,849 INFO     ___FILE_ONLY___ | 
2018-08-16 21:48:56,849 INFO     ___FILE_ONLY___ 153.3 MiB
2018-08-16 21:48:56,849 INFO     ___FILE_ONLY___  
2018-08-16 21:48:56,849 INFO     ___FILE_ONLY___ |
2018-08-16 21:48:56,849 INFO     ___FILE_ONLY___ 

2018-08-16 21:48:56,849 INFO     ___FILE_ONLY___ | 
2018-08-16 21:48:56,850 INFO     ___FILE_ONLY___ Not Installed
2018-08-16 21:48:56,850 INFO     ___FILE_ONLY___  
2018-08-16 21:48:56,850 INFO     ___FILE_ONLY___ | 
2018-08-16 21:48:56,850 INFO     ___FILE_ONLY___ Cloud Bigtable Command Line Tool                    
2018-08-16 21:48:56,850 INFO     ___FILE_ONLY___  
2018-08-16 21:48:56,850 INFO     ___FILE_ONLY___ | 
2018-08-16 21:48:56,850 INFO     ___FILE_ONLY___ cbt                     
2018-08-16 21:48:56,850 INFO     ___FILE_ONLY___  
2018-08-16 21:48:56,850 INFO     ___FILE_ONLY___ | 
2018-08-16 21:48:56,850 INFO     ___FILE_ONLY___   4.9 MiB
2018-08-16 21:48:56,850 INFO     ___FILE_ONLY___  
2018-08-16 21:48:56,850 INFO     ___FILE_ONLY___ |
2018-08-16 21:48:56,851 INFO     ___FILE_ONLY___ 

2018-08-16 21:48:56,851 INFO     ___FILE_ONLY___ | 
2018-08-16 21:48:56,851 INFO     ___FILE_ONLY___ Not Installed
2018-08-16 21:48:56,851 INFO     ___FILE_ONLY___  
2018-08-16 21:48:56,851 INFO     ___FILE_ONLY___ | 
2018-08-16 21:48:56,851 INFO     ___FILE_ONLY___ Cloud Bigtable Emulator                             
2018-08-16 21:48:56,851 INFO     ___FILE_ONLY___  
2018-08-16 21:48:56,851 INFO     ___FILE_ONLY___ | 
2018-08-16 21:48:56,851 INFO     ___FILE_ONLY___ bigtable                
2018-08-16 21:48:56,851 INFO     ___FILE_ONLY___  
2018-08-16 21:48:56,851 INFO     ___FILE_ONLY___ | 
2018-08-16 21:48:56,851 INFO     ___FILE_ONLY___   4.3 MiB
2018-08-16 21:48:56,851 INFO     ___FILE_ONLY___  
2018-08-16 21:48:56,852 INFO     ___FILE_ONLY___ |
2018-08-16 21:48:56,852 INFO     ___FILE_ONLY___ 

2018-08-16 21:48:56,852 INFO     ___FILE_ONLY___ | 
2018-08-16 21:48:56,852 INFO     ___FILE_ONLY___ Not Installed
2018-08-16 21:48:56,852 INFO     ___FILE_ONLY___  
2018-08-16 21:48:56,852 INFO     ___FILE_ONLY___ | 
2018-08-16 21:48:56,852 INFO     ___FILE_ONLY___ Cloud Datalab Command Line Tool                     
2018-08-16 21:48:56,852 INFO     ___FILE_ONLY___  
2018-08-16 21:48:56,852 INFO     ___FILE_ONLY___ | 
2018-08-16 21:48:56,852 INFO     ___FILE_ONLY___ datalab                 
2018-08-16 21:48:56,852 INFO     ___FILE_ONLY___  
2018-08-16 21:48:56,852 INFO     ___FILE_ONLY___ | 
2018-08-16 21:48:56,852 INFO     ___FILE_ONLY___   < 1 MiB
2018-08-16 21:48:56,853 INFO     ___FILE_ONLY___  
2018-08-16 21:48:56,853 INFO     ___FILE_ONLY___ |
2018-08-16 21:48:56,853 INFO     ___FILE_ONLY___ 

2018-08-16 21:48:56,853 INFO     ___FILE_ONLY___ | 
2018-08-16 21:48:56,853 INFO     ___FILE_ONLY___ Not Installed
2018-08-16 21:48:56,853 INFO     ___FILE_ONLY___  
2018-08-16 21:48:56,853 INFO     ___FILE_ONLY___ | 
2018-08-16 21:48:56,853 INFO     ___FILE_ONLY___ Cloud Datastore Emulator                            
2018-08-16 21:48:56,853 INFO     ___FILE_ONLY___  
2018-08-16 21:48:56,853 INFO     ___FILE_ONLY___ | 
2018-08-16 21:48:56,853 INFO     ___FILE_ONLY___ cloud-datastore-emulator
2018-08-16 21:48:56,853 INFO     ___FILE_ONLY___  
2018-08-16 21:48:56,854 INFO     ___FILE_ONLY___ | 
2018-08-16 21:48:56,854 INFO     ___FILE_ONLY___  17.4 MiB
2018-08-16 21:48:56,854 INFO     ___FILE_ONLY___  
2018-08-16 21:48:56,854 INFO     ___FILE_ONLY___ |
2018-08-16 21:48:56,854 INFO     ___FILE_ONLY___ 

2018-08-16 21:48:56,854 INFO     ___FILE_ONLY___ | 
2018-08-16 21:48:56,854 INFO     ___FILE_ONLY___ Not Installed
2018-08-16 21:48:56,854 INFO     ___FILE_ONLY___  
2018-08-16 21:48:56,854 INFO     ___FILE_ONLY___ | 
2018-08-16 21:48:56,854 INFO     ___FILE_ONLY___ Cloud Datastore Emulator (Legacy)                   
2018-08-16 21:48:56,854 INFO     ___FILE_ONLY___  
2018-08-16 21:48:56,854 INFO     ___FILE_ONLY___ | 
2018-08-16 21:48:56,854 INFO     ___FILE_ONLY___ gcd-emulator            
2018-08-16 21:48:56,855 INFO     ___FILE_ONLY___  
2018-08-16 21:48:56,855 INFO     ___FILE_ONLY___ | 
2018-08-16 21:48:56,855 INFO     ___FILE_ONLY___  38.1 MiB
2018-08-16 21:48:56,855 INFO     ___FILE_ONLY___  
2018-08-16 21:48:56,855 INFO     ___FILE_ONLY___ |
2018-08-16 21:48:56,855 INFO     ___FILE_ONLY___ 

2018-08-16 21:48:56,855 INFO     ___FILE_ONLY___ | 
2018-08-16 21:48:56,855 INFO     ___FILE_ONLY___ Not Installed
2018-08-16 21:48:56,855 INFO     ___FILE_ONLY___  
2018-08-16 21:48:56,855 INFO     ___FILE_ONLY___ | 
2018-08-16 21:48:56,855 INFO     ___FILE_ONLY___ Cloud Pub/Sub Emulator                              
2018-08-16 21:48:56,855 INFO     ___FILE_ONLY___  
2018-08-16 21:48:56,855 INFO     ___FILE_ONLY___ | 
2018-08-16 21:48:56,856 INFO     ___FILE_ONLY___ pubsub-emulator         
2018-08-16 21:48:56,856 INFO     ___FILE_ONLY___  
2018-08-16 21:48:56,856 INFO     ___FILE_ONLY___ | 
2018-08-16 21:48:56,856 INFO     ___FILE_ONLY___  33.4 MiB
2018-08-16 21:48:56,856 INFO     ___FILE_ONLY___  
2018-08-16 21:48:56,856 INFO     ___FILE_ONLY___ |
2018-08-16 21:48:56,856 INFO     ___FILE_ONLY___ 

2018-08-16 21:48:56,856 INFO     ___FILE_ONLY___ | 
2018-08-16 21:48:56,856 INFO     ___FILE_ONLY___ Not Installed
2018-08-16 21:48:56,856 INFO     ___FILE_ONLY___  
2018-08-16 21:48:56,856 INFO     ___FILE_ONLY___ | 
2018-08-16 21:48:56,856 INFO     ___FILE_ONLY___ Cloud SQL Proxy                                     
2018-08-16 21:48:56,856 INFO     ___FILE_ONLY___  
2018-08-16 21:48:56,857 INFO     ___FILE_ONLY___ | 
2018-08-16 21:48:56,857 INFO     ___FILE_ONLY___ cloud_sql_proxy         
2018-08-16 21:48:56,857 INFO     ___FILE_ONLY___  
2018-08-16 21:48:56,857 INFO     ___FILE_ONLY___ | 
2018-08-16 21:48:56,857 INFO     ___FILE_ONLY___   2.5 MiB
2018-08-16 21:48:56,857 INFO     ___FILE_ONLY___  
2018-08-16 21:48:56,857 INFO     ___FILE_ONLY___ |
2018-08-16 21:48:56,857 INFO     ___FILE_ONLY___ 

2018-08-16 21:48:56,857 INFO     ___FILE_ONLY___ | 
2018-08-16 21:48:56,857 INFO     ___FILE_ONLY___ Not Installed
2018-08-16 21:48:56,857 INFO     ___FILE_ONLY___  
2018-08-16 21:48:56,857 INFO     ___FILE_ONLY___ | 
2018-08-16 21:48:56,857 INFO     ___FILE_ONLY___ Emulator Reverse Proxy                              
2018-08-16 21:48:56,857 INFO     ___FILE_ONLY___  
2018-08-16 21:48:56,858 INFO     ___FILE_ONLY___ | 
2018-08-16 21:48:56,858 INFO     ___FILE_ONLY___ emulator-reverse-proxy  
2018-08-16 21:48:56,858 INFO     ___FILE_ONLY___  
2018-08-16 21:48:56,858 INFO     ___FILE_ONLY___ | 
2018-08-16 21:48:56,858 INFO     ___FILE_ONLY___  14.5 MiB
2018-08-16 21:48:56,858 INFO     ___FILE_ONLY___  
2018-08-16 21:48:56,858 INFO     ___FILE_ONLY___ |
2018-08-16 21:48:56,858 INFO     ___FILE_ONLY___ 

2018-08-16 21:48:56,858 INFO     ___FILE_ONLY___ | 
2018-08-16 21:48:56,858 INFO     ___FILE_ONLY___ Not Installed
2018-08-16 21:48:56,858 INFO     ___FILE_ONLY___  
2018-08-16 21:48:56,858 INFO     ___FILE_ONLY___ | 
2018-08-16 21:48:56,859 INFO     ___FILE_ONLY___ Google Cloud Build Local Builder                    
2018-08-16 21:48:56,859 INFO     ___FILE_ONLY___  
2018-08-16 21:48:56,859 INFO     ___FILE_ONLY___ | 
2018-08-16 21:48:56,859 INFO     ___FILE_ONLY___ cloud-build-local       
2018-08-16 21:48:56,859 INFO     ___FILE_ONLY___  
2018-08-16 21:48:56,859 INFO     ___FILE_ONLY___ | 
2018-08-16 21:48:56,859 INFO     ___FILE_ONLY___   4.5 MiB
2018-08-16 21:48:56,859 INFO     ___FILE_ONLY___  
2018-08-16 21:48:56,859 INFO     ___FILE_ONLY___ |
2018-08-16 21:48:56,859 INFO     ___FILE_ONLY___ 

2018-08-16 21:48:56,859 INFO     ___FILE_ONLY___ | 
2018-08-16 21:48:56,859 INFO     ___FILE_ONLY___ Not Installed
2018-08-16 21:48:56,860 INFO     ___FILE_ONLY___  
2018-08-16 21:48:56,860 INFO     ___FILE_ONLY___ | 
2018-08-16 21:48:56,860 INFO     ___FILE_ONLY___ Google Container Local Builder                      
2018-08-16 21:48:56,860 INFO     ___FILE_ONLY___  
2018-08-16 21:48:56,860 INFO     ___FILE_ONLY___ | 
2018-08-16 21:48:56,860 INFO     ___FILE_ONLY___ container-builder-local 
2018-08-16 21:48:56,860 INFO     ___FILE_ONLY___  
2018-08-16 21:48:56,860 INFO     ___FILE_ONLY___ | 
2018-08-16 21:48:56,860 INFO     ___FILE_ONLY___   4.5 MiB
2018-08-16 21:48:56,860 INFO     ___FILE_ONLY___  
2018-08-16 21:48:56,860 INFO     ___FILE_ONLY___ |
2018-08-16 21:48:56,860 INFO     ___FILE_ONLY___ 

2018-08-16 21:48:56,860 INFO     ___FILE_ONLY___ | 
2018-08-16 21:48:56,861 INFO     ___FILE_ONLY___ Not Installed
2018-08-16 21:48:56,861 INFO     ___FILE_ONLY___  
2018-08-16 21:48:56,861 INFO     ___FILE_ONLY___ | 
2018-08-16 21:48:56,861 INFO     ___FILE_ONLY___ Google Container Registry's Docker credential helper
2018-08-16 21:48:56,861 INFO     ___FILE_ONLY___  
2018-08-16 21:48:56,861 INFO     ___FILE_ONLY___ | 
2018-08-16 21:48:56,861 INFO     ___FILE_ONLY___ docker-credential-gcr   
2018-08-16 21:48:56,861 INFO     ___FILE_ONLY___  
2018-08-16 21:48:56,861 INFO     ___FILE_ONLY___ | 
2018-08-16 21:48:56,861 INFO     ___FILE_ONLY___   1.8 MiB
2018-08-16 21:48:56,861 INFO     ___FILE_ONLY___  
2018-08-16 21:48:56,861 INFO     ___FILE_ONLY___ |
2018-08-16 21:48:56,861 INFO     ___FILE_ONLY___ 

2018-08-16 21:48:56,861 INFO     ___FILE_ONLY___ | 
2018-08-16 21:48:56,862 INFO     ___FILE_ONLY___ Not Installed
2018-08-16 21:48:56,862 INFO     ___FILE_ONLY___  
2018-08-16 21:48:56,862 INFO     ___FILE_ONLY___ | 
2018-08-16 21:48:56,862 INFO     ___FILE_ONLY___ gcloud Alpha Commands                               
2018-08-16 21:48:56,862 INFO     ___FILE_ONLY___  
2018-08-16 21:48:56,862 INFO     ___FILE_ONLY___ | 
2018-08-16 21:48:56,862 INFO     ___FILE_ONLY___ alpha                   
2018-08-16 21:48:56,862 INFO     ___FILE_ONLY___  
2018-08-16 21:48:56,862 INFO     ___FILE_ONLY___ | 
2018-08-16 21:48:56,862 INFO     ___FILE_ONLY___   < 1 MiB
2018-08-16 21:48:56,862 INFO     ___FILE_ONLY___  
2018-08-16 21:48:56,862 INFO     ___FILE_ONLY___ |
2018-08-16 21:48:56,862 INFO     ___FILE_ONLY___ 

2018-08-16 21:48:56,862 INFO     ___FILE_ONLY___ | 
2018-08-16 21:48:56,863 INFO     ___FILE_ONLY___ Not Installed
2018-08-16 21:48:56,863 INFO     ___FILE_ONLY___  
2018-08-16 21:48:56,863 INFO     ___FILE_ONLY___ | 
2018-08-16 21:48:56,863 INFO     ___FILE_ONLY___ gcloud Beta Commands                                
2018-08-16 21:48:56,863 INFO     ___FILE_ONLY___  
2018-08-16 21:48:56,863 INFO     ___FILE_ONLY___ | 
2018-08-16 21:48:56,863 INFO     ___FILE_ONLY___ beta                    
2018-08-16 21:48:56,863 INFO     ___FILE_ONLY___  
2018-08-16 21:48:56,863 INFO     ___FILE_ONLY___ | 
2018-08-16 21:48:56,863 INFO     ___FILE_ONLY___   < 1 MiB
2018-08-16 21:48:56,863 INFO     ___FILE_ONLY___  
2018-08-16 21:48:56,863 INFO     ___FILE_ONLY___ |
2018-08-16 21:48:56,863 INFO     ___FILE_ONLY___ 

2018-08-16 21:48:56,864 INFO     ___FILE_ONLY___ | 
2018-08-16 21:48:56,864 INFO     ___FILE_ONLY___ Not Installed
2018-08-16 21:48:56,864 INFO     ___FILE_ONLY___  
2018-08-16 21:48:56,864 INFO     ___FILE_ONLY___ | 
2018-08-16 21:48:56,864 INFO     ___FILE_ONLY___ gcloud app Java Extensions                          
2018-08-16 21:48:56,864 INFO     ___FILE_ONLY___  
2018-08-16 21:48:56,864 INFO     ___FILE_ONLY___ | 
2018-08-16 21:48:56,864 INFO     ___FILE_ONLY___ app-engine-java         
2018-08-16 21:48:56,864 INFO     ___FILE_ONLY___  
2018-08-16 21:48:56,864 INFO     ___FILE_ONLY___ | 
2018-08-16 21:48:56,864 INFO     ___FILE_ONLY___ 118.6 MiB
2018-08-16 21:48:56,864 INFO     ___FILE_ONLY___  
2018-08-16 21:48:56,864 INFO     ___FILE_ONLY___ |
2018-08-16 21:48:56,864 INFO     ___FILE_ONLY___ 

2018-08-16 21:48:56,865 INFO     ___FILE_ONLY___ | 
2018-08-16 21:48:56,865 INFO     ___FILE_ONLY___ Not Installed
2018-08-16 21:48:56,865 INFO     ___FILE_ONLY___  
2018-08-16 21:48:56,865 INFO     ___FILE_ONLY___ | 
2018-08-16 21:48:56,865 INFO     ___FILE_ONLY___ gcloud app PHP Extensions                           
2018-08-16 21:48:56,865 INFO     ___FILE_ONLY___  
2018-08-16 21:48:56,865 INFO     ___FILE_ONLY___ | 
2018-08-16 21:48:56,865 INFO     ___FILE_ONLY___ app-engine-php          
2018-08-16 21:48:56,865 INFO     ___FILE_ONLY___  
2018-08-16 21:48:56,865 INFO     ___FILE_ONLY___ | 
2018-08-16 21:48:56,865 INFO     ___FILE_ONLY___          
2018-08-16 21:48:56,865 INFO     ___FILE_ONLY___  
2018-08-16 21:48:56,865 INFO     ___FILE_ONLY___ |
2018-08-16 21:48:56,866 INFO     ___FILE_ONLY___ 

2018-08-16 21:48:56,866 INFO     ___FILE_ONLY___ | 
2018-08-16 21:48:56,866 INFO     ___FILE_ONLY___ Not Installed
2018-08-16 21:48:56,866 INFO     ___FILE_ONLY___  
2018-08-16 21:48:56,866 INFO     ___FILE_ONLY___ | 
2018-08-16 21:48:56,866 INFO     ___FILE_ONLY___ gcloud app Python Extensions                        
2018-08-16 21:48:56,866 INFO     ___FILE_ONLY___  
2018-08-16 21:48:56,866 INFO     ___FILE_ONLY___ | 
2018-08-16 21:48:56,866 INFO     ___FILE_ONLY___ app-engine-python       
2018-08-16 21:48:56,866 INFO     ___FILE_ONLY___  
2018-08-16 21:48:56,866 INFO     ___FILE_ONLY___ | 
2018-08-16 21:48:56,866 INFO     ___FILE_ONLY___   6.1 MiB
2018-08-16 21:48:56,866 INFO     ___FILE_ONLY___  
2018-08-16 21:48:56,867 INFO     ___FILE_ONLY___ |
2018-08-16 21:48:56,867 INFO     ___FILE_ONLY___ 

2018-08-16 21:48:56,867 INFO     ___FILE_ONLY___ | 
2018-08-16 21:48:56,867 INFO     ___FILE_ONLY___ Not Installed
2018-08-16 21:48:56,867 INFO     ___FILE_ONLY___  
2018-08-16 21:48:56,867 INFO     ___FILE_ONLY___ | 
2018-08-16 21:48:56,867 INFO     ___FILE_ONLY___ gcloud app Python Extensions (Extra Libraries)      
2018-08-16 21:48:56,867 INFO     ___FILE_ONLY___  
2018-08-16 21:48:56,867 INFO     ___FILE_ONLY___ | 
2018-08-16 21:48:56,867 INFO     ___FILE_ONLY___ app-engine-python-extras
2018-08-16 21:48:56,867 INFO     ___FILE_ONLY___  
2018-08-16 21:48:56,867 INFO     ___FILE_ONLY___ | 
2018-08-16 21:48:56,867 INFO     ___FILE_ONLY___  28.5 MiB
2018-08-16 21:48:56,867 INFO     ___FILE_ONLY___  
2018-08-16 21:48:56,868 INFO     ___FILE_ONLY___ |
2018-08-16 21:48:56,868 INFO     ___FILE_ONLY___ 

2018-08-16 21:48:56,868 INFO     ___FILE_ONLY___ | 
2018-08-16 21:48:56,868 INFO     ___FILE_ONLY___ Not Installed
2018-08-16 21:48:56,868 INFO     ___FILE_ONLY___  
2018-08-16 21:48:56,868 INFO     ___FILE_ONLY___ | 
2018-08-16 21:48:56,868 INFO     ___FILE_ONLY___ kubectl                                             
2018-08-16 21:48:56,868 INFO     ___FILE_ONLY___  
2018-08-16 21:48:56,868 INFO     ___FILE_ONLY___ | 
2018-08-16 21:48:56,869 INFO     ___FILE_ONLY___ kubectl                 
2018-08-16 21:48:56,869 INFO     ___FILE_ONLY___  
2018-08-16 21:48:56,869 INFO     ___FILE_ONLY___ | 
2018-08-16 21:48:56,869 INFO     ___FILE_ONLY___  14.9 MiB
2018-08-16 21:48:56,869 INFO     ___FILE_ONLY___  
2018-08-16 21:48:56,869 INFO     ___FILE_ONLY___ |
2018-08-16 21:48:56,869 INFO     ___FILE_ONLY___ 

2018-08-16 21:48:56,869 INFO     ___FILE_ONLY___ | 
2018-08-16 21:48:56,869 INFO     ___FILE_ONLY___ Installed    
2018-08-16 21:48:56,869 INFO     ___FILE_ONLY___  
2018-08-16 21:48:56,869 INFO     ___FILE_ONLY___ | 
2018-08-16 21:48:56,869 INFO     ___FILE_ONLY___ BigQuery Command Line Tool                          
2018-08-16 21:48:56,869 INFO     ___FILE_ONLY___  
2018-08-16 21:48:56,870 INFO     ___FILE_ONLY___ | 
2018-08-16 21:48:56,870 INFO     ___FILE_ONLY___ bq                      
2018-08-16 21:48:56,870 INFO     ___FILE_ONLY___  
2018-08-16 21:48:56,870 INFO     ___FILE_ONLY___ | 
2018-08-16 21:48:56,870 INFO     ___FILE_ONLY___   < 1 MiB
2018-08-16 21:48:56,870 INFO     ___FILE_ONLY___  
2018-08-16 21:48:56,870 INFO     ___FILE_ONLY___ |
2018-08-16 21:48:56,870 INFO     ___FILE_ONLY___ 

2018-08-16 21:48:56,870 INFO     ___FILE_ONLY___ | 
2018-08-16 21:48:56,870 INFO     ___FILE_ONLY___ Installed    
2018-08-16 21:48:56,870 INFO     ___FILE_ONLY___  
2018-08-16 21:48:56,870 INFO     ___FILE_ONLY___ | 
2018-08-16 21:48:56,870 INFO     ___FILE_ONLY___ Cloud SDK Core Libraries                            
2018-08-16 21:48:56,871 INFO     ___FILE_ONLY___  
2018-08-16 21:48:56,871 INFO     ___FILE_ONLY___ | 
2018-08-16 21:48:56,871 INFO     ___FILE_ONLY___ core                    
2018-08-16 21:48:56,871 INFO     ___FILE_ONLY___  
2018-08-16 21:48:56,871 INFO     ___FILE_ONLY___ | 
2018-08-16 21:48:56,871 INFO     ___FILE_ONLY___   8.2 MiB
2018-08-16 21:48:56,871 INFO     ___FILE_ONLY___  
2018-08-16 21:48:56,871 INFO     ___FILE_ONLY___ |
2018-08-16 21:48:56,871 INFO     ___FILE_ONLY___ 

2018-08-16 21:48:56,871 INFO     ___FILE_ONLY___ | 
2018-08-16 21:48:56,871 INFO     ___FILE_ONLY___ Installed    
2018-08-16 21:48:56,871 INFO     ___FILE_ONLY___  
2018-08-16 21:48:56,871 INFO     ___FILE_ONLY___ | 
2018-08-16 21:48:56,872 INFO     ___FILE_ONLY___ Cloud Storage Command Line Tool                     
2018-08-16 21:48:56,872 INFO     ___FILE_ONLY___  
2018-08-16 21:48:56,872 INFO     ___FILE_ONLY___ | 
2018-08-16 21:48:56,872 INFO     ___FILE_ONLY___ gsutil                  
2018-08-16 21:48:56,872 INFO     ___FILE_ONLY___  
2018-08-16 21:48:56,872 INFO     ___FILE_ONLY___ | 
2018-08-16 21:48:56,872 INFO     ___FILE_ONLY___   3.5 MiB
2018-08-16 21:48:56,872 INFO     ___FILE_ONLY___  
2018-08-16 21:48:56,872 INFO     ___FILE_ONLY___ |
2018-08-16 21:48:56,872 INFO     ___FILE_ONLY___ 

2018-08-16 21:48:56,872 INFO     ___FILE_ONLY___ +---------------+------------------------------------------------------+--------------------------+-----------+
2018-08-16 21:48:56,872 INFO     ___FILE_ONLY___ 

2018-08-16 21:48:56,872 INFO     ___FILE_ONLY___ To install or remove components at your current SDK version [212.0.0], run:
  $ gcloud components install COMPONENT_ID
  $ gcloud components remove COMPONENT_ID

To update your SDK installation to the latest version [212.0.0], run:
  $ gcloud components update


2018-08-16 21:49:01,641 DEBUG    root            Metrics reporting process started...
