2018-08-16 21:49:16,384 DEBUG    root            Loaded Command Group: [u'gcloud', u'init']
2018-08-16 21:49:16,385 DEBUG    root            Running [gcloud.init] with arguments: []
2018-08-16 21:49:16,385 INFO     ___FILE_ONLY___ Welcome! This command will take you through the configuration of gcloud.


2018-08-16 21:49:16,387 INFO     ___FILE_ONLY___ Your current configuration has been set to: [default]


2018-08-16 21:49:16,387 INFO     ___FILE_ONLY___ You can skip diagnostics next time by using the following flag:

2018-08-16 21:49:16,388 INFO     ___FILE_ONLY___   gcloud init --skip-diagnostics


2018-08-16 21:49:16,388 INFO     ___FILE_ONLY___ Network diagnostic detects and fixes local network connection issues.

2018-08-16 21:49:16,389 INFO     ___FILE_ONLY___ Checking network connection...
2018-08-16 21:49:18,393 INFO     ___FILE_ONLY___ Reachability Check passed.

2018-08-16 21:49:18,393 INFO     ___FILE_ONLY___ Network diagnostic (1/1 checks) passed.


2018-08-16 21:49:20,287 DEBUG    root            Loaded Command Group: [u'gcloud', u'auth']
2018-08-16 21:49:20,291 DEBUG    root            Loaded Command Group: [u'gcloud', u'auth', u'login']
2018-08-16 21:49:20,292 INFO     root            Executing: [gcloud auth login --force --brief]
2018-08-16 21:49:20,293 DEBUG    root            Running [gcloud.auth.login] with arguments: [--brief: "True", --force: "True"]
2018-08-16 21:49:20,301 INFO     ___FILE_ONLY___ Go to the following link in your browser:

    https://accounts.google.com/o/oauth2/auth?redirect_uri=urn%3Aietf%3Awg%3Aoauth%3A2.0%3Aoob&prompt=select_account&response_type=code&client_id=32555940559.apps.googleusercontent.com&scope=https%3A%2F%2Fwww.googleapis.com%2Fauth%2Fuserinfo.email+https%3A%2F%2Fwww.googleapis.com%2Fauth%2Fcloud-platform+https%3A%2F%2Fwww.googleapis.com%2Fauth%2Fappengine.admin+https%3A%2F%2Fwww.googleapis.com%2Fauth%2Fcompute+https%3A%2F%2Fwww.googleapis.com%2Fauth%2Faccounts.reauth&access_type=offline



2018-08-16 21:49:59,240 INFO     oauth2client.client Successfully retrieved access token
2018-08-16 21:49:59,257 INFO     root            Display format: "none"
2018-08-16 21:49:59,259 DEBUG    root            Checking for updates...
2018-08-16 21:49:59,472 DEBUG    root            Updating notification cache...
2018-08-16 21:49:59,473 INFO     ___FILE_ONLY___ You are logged in as: [bob.bae@mobiledgex.com].


2018-08-16 21:50:04,286 INFO     ___FILE_ONLY___ Your current project has been set to: [still-entity-201400].


2018-08-16 21:50:04,287 DEBUG    root            Loaded Command Group: [u'gcloud', u'compute', u'project_info']
2018-08-16 21:50:04,329 DEBUG    root            Loaded Command Group: [u'gcloud', u'compute', u'project-info', u'describe']
2018-08-16 21:50:04,329 INFO     root            Executing: [gcloud compute project-info describe --quiet]
2018-08-16 21:50:04,331 DEBUG    root            Running [gcloud.compute.project-info.describe] with arguments: [--no-user-output-enabled: "false", --quiet: "True", --verbosity: "none"]
2018-08-16 21:50:04,873 INFO     root            Display disabled.
2018-08-16 21:50:07,509 DEBUG    root            Loaded Command Group: [u'gcloud', u'compute', u'zones']
2018-08-16 21:50:07,512 DEBUG    root            Loaded Command Group: [u'gcloud', u'compute', u'zones', u'list']
2018-08-16 21:50:07,515 INFO     root            Executing: [gcloud compute zones list]
2018-08-16 21:50:07,517 DEBUG    root            Running [gcloud.compute.zones.list] with arguments: [--no-user-output-enabled: "false", --verbosity: "none"]
2018-08-16 21:50:07,523 INFO     root            Display disabled.
2018-08-16 21:50:53,004 INFO     ___FILE_ONLY___ Your project default Compute Engine zone has been set to [us-west1-a].
You can change it by running [gcloud config set compute/zone NAME].


2018-08-16 21:50:53,004 DEBUG    root            Loaded Command Group: [u'gcloud', u'compute', u'regions']
2018-08-16 21:50:53,006 DEBUG    root            Loaded Command Group: [u'gcloud', u'compute', u'regions', u'describe']
2018-08-16 21:50:53,007 INFO     root            Executing: [gcloud compute regions describe https://www.googleapis.com/compute/v1/projects/still-entity-201400/regions/us-west1]
2018-08-16 21:50:53,009 DEBUG    root            Running [gcloud.compute.regions.describe] with arguments: [--no-user-output-enabled: "false", --verbosity: "none", NAME: "https://www.googleapis.com/compute/v1/projects/still-entity-201400/regions/us-west1"]
2018-08-16 21:50:53,359 INFO     root            Display disabled.
2018-08-16 21:50:53,364 INFO     ___FILE_ONLY___ Your project default Compute Engine region has been set to [us-west1].
You can change it by running [gcloud config set compute/region NAME].


2018-08-16 21:50:53,364 DEBUG    root            Executing command: [u'/tmp/google-cloud-sdk/bin/gsutil', u'config', u'-n', u'-o', u'/root/.boto']
2018-08-16 21:50:54,646 DEBUG    ___FILE_ONLY___ 
2018-08-16 21:50:54,646 DEBUG    ___FILE_ONLY___ This command will create a boto config file at /root/.boto containing
your credentials, based on your responses to the following questions.

Boto config file "/root/.boto" created. If you need to use a proxy to
access the Internet please see the instructions in that file.
Traceback (most recent call last):
  File "<string>", line 1, in <module>
  File "/tmp/google-cloud-sdk/platform/gsutil/gslib/__init__.py", line 119, in <module>
    CHECKSUM_FILE, CHECKSUM = _GetFileContents('CHECKSUM')
  File "/tmp/google-cloud-sdk/platform/gsutil/gslib/__init__.py", line 107, in _GetFileContents
    content = pkgutil.get_data('gslib', filename)
  File "/usr/lib/python2.7/pkgutil.py", line 589, in get_data
    return loader.get_data(resource_name)
  File "/usr/lib/python2.7/pkgutil.py", line 252, in get_data
    with open(pathname, "rb") as file:
IOError: [Errno 2] No such file or directory: '/tmp/google-cloud-sdk/platform/gsutil/gslib/CHECKSUM'

2018-08-16 21:50:54,646 INFO     ___FILE_ONLY___ Created a default .boto configuration file at [/root/.boto]. See this file and
[https://cloud.google.com/storage/docs/gsutil/commands/config] for more
information about configuring Google Cloud Storage.

2018-08-16 21:50:54,646 INFO     ___FILE_ONLY___ Your Google Cloud SDK is configured and ready to use!


2018-08-16 21:50:54,646 INFO     ___FILE_ONLY___ * Commands that require authentication will use bob.bae@mobiledgex.com by default

2018-08-16 21:50:54,647 INFO     ___FILE_ONLY___ * Commands will reference project `still-entity-201400` by default

2018-08-16 21:50:54,647 INFO     ___FILE_ONLY___ * Compute Engine commands will use region `us-west1` by default

2018-08-16 21:50:54,647 INFO     ___FILE_ONLY___ * Compute Engine commands will use zone `us-west1-a` by default


2018-08-16 21:50:54,647 INFO     ___FILE_ONLY___ Run `gcloud help config` to learn how to change individual settings


2018-08-16 21:50:54,647 INFO     ___FILE_ONLY___ This gcloud configuration is called [default]. You can create additional configurations if you work with multiple accounts and/or projects.

2018-08-16 21:50:54,647 INFO     ___FILE_ONLY___ Run `gcloud topic configurations` to learn more.


2018-08-16 21:50:54,647 INFO     ___FILE_ONLY___ Some things to try next:


2018-08-16 21:50:54,647 INFO     ___FILE_ONLY___ * Run `gcloud --help` to see the Cloud Platform services you can interact with. And run `gcloud help COMMAND` to get help on any gcloud command.

2018-08-16 21:50:54,647 INFO     ___FILE_ONLY___ * Run `gcloud topic -h` to learn about advanced features of the SDK like arg files and output formatting

2018-08-16 21:50:54,648 INFO     root            Display format: "default"
2018-08-16 21:50:54,899 DEBUG    root            Metrics reporting process started...
